<?xml version="1.0" encoding="UTF-8"?>
<!-- Generated by org.testng.reporters.JUnitXMLReporter -->
<testsuite ignored="0" hostname="BLRSFLT195" failures="2" tests="5" name="Test" time="191.161" errors="0" timestamp="10 Nov 2022 10:40:03 GMT">
  <testcase classname="org.beter.ProductPurchase" name="Login" time="0.01"/>
  <testcase classname="org.beter.ProductPurchase" name="targetForCategory" time="12.079"/>
  <testcase classname="org.beter.ProductPurchase" name="goToCart" time="11.496"/>
  <testcase classname="org.beter.ProductPurchase" name="checkout" time="141.108">
    <failure type="org.openqa.selenium.NoSuchElementException" message="Unable to find element with locator By.xpath: //span[text()=&amp;apos;PROcEED TO PAYMENT&amp;apos;]
For documentation on this error, please visit: https://selenium.dev/exceptions/#no_such_element
Build info: version: &amp;apos;4.3.0&amp;apos;, revision: &amp;apos;a4995e2c09*&amp;apos;
System info: host: &amp;apos;BLRSFLT195&amp;apos;, ip: &amp;apos;192.168.10.195&amp;apos;, os.name: &amp;apos;Windows 10&amp;apos;, os.arch: &amp;apos;amd64&amp;apos;, os.version: &amp;apos;10.0&amp;apos;, java.version: &amp;apos;17.0.4&amp;apos;
Driver info: driver.version: RemoteWebDriver">
      <![CDATA[org.openqa.selenium.NoSuchElementException: Unable to find element with locator By.xpath: //span[text()='PROcEED TO PAYMENT']
For documentation on this error, please visit: https://selenium.dev/exceptions/#no_such_element
Build info: version: '4.3.0', revision: 'a4995e2c09*'
System info: host: 'BLRSFLT195', ip: '192.168.10.195', os.name: 'Windows 10', os.arch: 'amd64', os.version: '10.0', java.version: '17.0.4'
Driver info: driver.version: RemoteWebDriver
at org.openqa.selenium.remote.ElementLocation$ElementFinder$2.findElement(ElementLocation.java:165)
at org.openqa.selenium.remote.ElementLocation.findElement(ElementLocation.java:60)
at org.openqa.selenium.remote.RemoteWebDriver.findElement(RemoteWebDriver.java:387)
at org.openqa.selenium.remote.RemoteWebDriver.findElement(RemoteWebDriver.java:379)
at org.beter.ProductPurchase.checkout(ProductPurchase.java:231)
... Removed 25 stack frames]]>
    </failure>
  </testcase> <!-- checkout -->
  <testcase classname="org.beter.ProductPurchase" name="checkout" time="141.183">
    <failure type="java.lang.IllegalArgumentException" message="ScreenCapture path must not be null or empty">
      <![CDATA[java.lang.IllegalArgumentException: ScreenCapture path must not be null or empty
at com.aventstack.extentreports.util.Assert.notEmpty(Assert.java:12)
at com.aventstack.extentreports.ExtentTest.addScreenCaptureFromPath(ExtentTest.java:1074)
at org.beter.ProductPurchaseListener.onTestFailure(ProductPurchaseListener.java:57)
... Removed 22 stack frames]]>
    </failure>
  </testcase> <!-- checkout -->
</testsuite> <!-- Test -->
